-	Reset-plot button for charts.
-x	Delete-all utility for tables.
-x	Copy and Paste utility (check tables).
-x	Save plots as png when windows is completed.
-x	Save tables as csv when windows is completed.
-x	Waiting cursor-icon
-x	Menu: "insert pipe" @ innerstages_table
-	Error dialog due to negative length @ innerstages_table
-x	'Insert' pipe functionality @ TDB
-x	'Insert' centralizer functionality @ CDB
-x	Remove type-combo @ TDB and CDB
-x	Remove Centralizer spacing limits
-x	Delete Fluids-label subwindow
-x	Create Drag&Torque tabs (very important)
-x	Move TAW, TOB and WOB to Drag&Torque
-x	Remove rotational FF @ centralization properties
-x	Check calculations for SO: PL, midspan into caves.
-x	Set default Restoring force value for rigid centralizers @ Span Analysis
-x	Increase number of rows in location tables @ wellbore
-x	Unlock location table for "by spacing"
-x	Implementation of main.
-!	Save/Open functionality (very important)
-!	Installation stuffs / DB installation (very important)
-x	FF reduction calculation
-	@ABC: dont accept B or C without A
-	Centralizer CID instead PID @OSA
-	Manage frictions
-x	Insert row @ Survey
-x	MD limits validation between Survey and Wellbore outer stages
-x	Poner tortuosity en surveyfields
-	Modification of length calculation for MD top and bottom
-	Modification of ABC ensemble length considerations
-	All centralization stages together.
-	T&D check
-	Include Sideforces @LS and SS
-	Remove BS from import caliper	






